This file contains any messages produced by compilers while
running configure, to aid debugging if configure makes a mistake.

It was created by GeoIP configure 1.4.8, which was
generated by GNU Autoconf 2.65.  Invocation command line was

  $ ./configure CC=/Developer/usr/bin/gcc-4.2 --no-create --no-recursion

## --------- ##
## Platform. ##
## --------- ##

hostname = zeratul.fritz.box
uname -m = i386
uname -r = 11.1.0
uname -s = Darwin
uname -v = Darwin Kernel Version 11.1.0: Tue Jul 26 16:09:02 PDT 2011; root:xnu-1699.22.81~1/RELEASE_I386

/usr/bin/uname -p = i386
/bin/uname -X     = unknown

/bin/arch              = unknown
/usr/bin/arch -k       = unknown
/usr/convex/getsysinfo = unknown
/usr/bin/hostinfo      = Mach kernel version:
	 Darwin Kernel Version 11.1.0: Tue Jul 26 16:09:02 PDT 2011; root:xnu-1699.22.81~1/RELEASE_I386
Kernel configured for up to 4 processors.
4 processors are physically available.
4 processors are logically available.
Processor type: i486 (Intel 80486)
Processors active: 0 1 2 3
Primary memory available: 8.00 gigabytes
Default processor set: 101 tasks, 503 threads, 4 processors
Load average: 0.54, Mach factor: 3.44
/bin/machine           = unknown
/usr/bin/oslevel       = unknown
/bin/universe          = unknown

PATH: /Users/chris/.rvm/gems/ruby-1.9.2-p290@geoip/bin
PATH: /Users/chris/.rvm/gems/ruby-1.9.2-p290@global/bin
PATH: /Users/chris/.rvm/rubies/ruby-1.9.2-p290/bin
PATH: /Users/chris/.rvm/bin
PATH: /usr/bin
PATH: /bin
PATH: /usr/sbin
PATH: /sbin
PATH: /usr/local/bin
PATH: /usr/X11/bin
PATH: /usr/local/sbin


## ----------- ##
## Core tests. ##
## ----------- ##

configure:2406: checking for gcc
configure:2433: result: /Developer/usr/bin/gcc-4.2
configure:2662: checking for C compiler version
configure:2671: /Developer/usr/bin/gcc-4.2 --version >&5
i686-apple-darwin11-gcc-4.2.1 (GCC) 4.2.1 (Apple Inc. build 5666) (dot 3)
Copyright (C) 2007 Free Software Foundation, Inc.
This is free software; see the source for copying conditions.  There is NO
warranty; not even for MERCHANTABILITY or FITNESS FOR A PARTICULAR PURPOSE.

configure:2682: $? = 0
configure:2671: /Developer/usr/bin/gcc-4.2 -v >&5
Using built-in specs.
Target: i686-apple-darwin11
Configured with: /private/var/tmp/gcc/gcc-5666.3~278/src/configure --disable-checking --enable-werror --prefix=/usr --mandir=/share/man --enable-languages=c,objc,c++,obj-c++ --program-transform-name=/^[cg][^.-]*$/s/$/-4.2/ --with-slibdir=/usr/lib --build=i686-apple-darwin11 --program-prefix=i686-apple-darwin11- --host=x86_64-apple-darwin11 --target=i686-apple-darwin11 --with-gxx-include-dir=/include/c++/4.2.1
Thread model: posix
gcc version 4.2.1 (Apple Inc. build 5666) (dot 3)
configure:2682: $? = 0
configure:2671: /Developer/usr/bin/gcc-4.2 -V >&5
gcc-4.2: argument to `-V' is missing
configure:2682: $? = 1
configure:2671: /Developer/usr/bin/gcc-4.2 -qversion >&5
i686-apple-darwin11-gcc-4.2.1: no input files
configure:2682: $? = 1
configure:2702: checking whether the C compiler works
configure:2724: /Developer/usr/bin/gcc-4.2    conftest.c  >&5
configure:2728: $? = 0
configure:2777: result: yes
configure:2780: checking for C compiler default output file name
configure:2782: result: a.out
configure:2788: checking for suffix of executables
configure:2795: /Developer/usr/bin/gcc-4.2 -o conftest    conftest.c  >&5
configure:2799: $? = 0
configure:2821: result: 
configure:2843: checking whether we are cross compiling
configure:2851: /Developer/usr/bin/gcc-4.2 -o conftest    conftest.c  >&5
configure:2855: $? = 0
configure:2862: ./conftest
configure:2866: $? = 0
configure:2881: result: no
configure:2886: checking for suffix of object files
configure:2908: /Developer/usr/bin/gcc-4.2 -c   conftest.c >&5
configure:2912: $? = 0
configure:2933: result: o
configure:2937: checking whether we are using the GNU C compiler
configure:2956: /Developer/usr/bin/gcc-4.2 -c   conftest.c >&5
configure:2956: $? = 0
configure:2965: result: yes
configure:2974: checking whether /Developer/usr/bin/gcc-4.2 accepts -g
configure:2994: /Developer/usr/bin/gcc-4.2 -c -g  conftest.c >&5
configure:2994: $? = 0
configure:3035: result: yes
configure:3052: checking for /Developer/usr/bin/gcc-4.2 option to accept ISO C89
configure:3116: /Developer/usr/bin/gcc-4.2  -c -g -O2  conftest.c >&5
configure:3116: $? = 0
configure:3129: result: none needed
configure:3155: checking how to run the C preprocessor
configure:3186: /Developer/usr/bin/gcc-4.2 -E  conftest.c
configure:3186: $? = 0
configure:3200: /Developer/usr/bin/gcc-4.2 -E  conftest.c
conftest.c:9:28: error: ac_nonexistent.h: No such file or directory
configure:3200: $? = 1
configure: failed program was:
| /* confdefs.h */
| #define PACKAGE_NAME "GeoIP"
| #define PACKAGE_TARNAME "GeoIP"
| #define PACKAGE_VERSION "1.4.8"
| #define PACKAGE_STRING "GeoIP 1.4.8"
| #define PACKAGE_BUGREPORT "support@maxmind.com"
| #define PACKAGE_URL ""
| /* end confdefs.h.  */
| #include <ac_nonexistent.h>
configure:3225: result: /Developer/usr/bin/gcc-4.2 -E
configure:3245: /Developer/usr/bin/gcc-4.2 -E  conftest.c
configure:3245: $? = 0
configure:3259: /Developer/usr/bin/gcc-4.2 -E  conftest.c
conftest.c:9:28: error: ac_nonexistent.h: No such file or directory
configure:3259: $? = 1
configure: failed program was:
| /* confdefs.h */
| #define PACKAGE_NAME "GeoIP"
| #define PACKAGE_TARNAME "GeoIP"
| #define PACKAGE_VERSION "1.4.8"
| #define PACKAGE_STRING "GeoIP 1.4.8"
| #define PACKAGE_BUGREPORT "support@maxmind.com"
| #define PACKAGE_URL ""
| /* end confdefs.h.  */
| #include <ac_nonexistent.h>
configure:3288: checking for grep that handles long lines and -e
configure:3346: result: /usr/bin/grep
configure:3351: checking for egrep
configure:3413: result: /usr/bin/grep -E
configure:3418: checking for ANSI C header files
configure:3438: /Developer/usr/bin/gcc-4.2 -c -g -O2  conftest.c >&5
configure:3438: $? = 0
configure:3511: /Developer/usr/bin/gcc-4.2 -o conftest -g -O2   conftest.c  >&5
configure:3511: $? = 0
configure:3511: ./conftest
configure:3511: $? = 0
configure:3522: result: yes
configure:3535: checking for sys/types.h
configure:3535: /Developer/usr/bin/gcc-4.2 -c -g -O2  conftest.c >&5
configure:3535: $? = 0
configure:3535: result: yes
configure:3535: checking for sys/stat.h
configure:3535: /Developer/usr/bin/gcc-4.2 -c -g -O2  conftest.c >&5
configure:3535: $? = 0
configure:3535: result: yes
configure:3535: checking for stdlib.h
configure:3535: /Developer/usr/bin/gcc-4.2 -c -g -O2  conftest.c >&5
configure:3535: $? = 0
configure:3535: result: yes
configure:3535: checking for string.h
configure:3535: /Developer/usr/bin/gcc-4.2 -c -g -O2  conftest.c >&5
configure:3535: $? = 0
configure:3535: result: yes
configure:3535: checking for memory.h
configure:3535: /Developer/usr/bin/gcc-4.2 -c -g -O2  conftest.c >&5
configure:3535: $? = 0
configure:3535: result: yes
configure:3535: checking for strings.h
configure:3535: /Developer/usr/bin/gcc-4.2 -c -g -O2  conftest.c >&5
configure:3535: $? = 0
configure:3535: result: yes
configure:3535: checking for inttypes.h
configure:3535: /Developer/usr/bin/gcc-4.2 -c -g -O2  conftest.c >&5
configure:3535: $? = 0
configure:3535: result: yes
configure:3535: checking for stdint.h
configure:3535: /Developer/usr/bin/gcc-4.2 -c -g -O2  conftest.c >&5
configure:3535: $? = 0
configure:3535: result: yes
configure:3535: checking for unistd.h
configure:3535: /Developer/usr/bin/gcc-4.2 -c -g -O2  conftest.c >&5
configure:3535: $? = 0
configure:3535: result: yes
configure:3549: checking minix/config.h usability
configure:3549: /Developer/usr/bin/gcc-4.2 -c -g -O2  conftest.c >&5
conftest.c:52:26: error: minix/config.h: No such file or directory
configure:3549: $? = 1
configure: failed program was:
| /* confdefs.h */
| #define PACKAGE_NAME "GeoIP"
| #define PACKAGE_TARNAME "GeoIP"
| #define PACKAGE_VERSION "1.4.8"
| #define PACKAGE_STRING "GeoIP 1.4.8"
| #define PACKAGE_BUGREPORT "support@maxmind.com"
| #define PACKAGE_URL ""
| #define STDC_HEADERS 1
| #define HAVE_SYS_TYPES_H 1
| #define HAVE_SYS_STAT_H 1
| #define HAVE_STDLIB_H 1
| #define HAVE_STRING_H 1
| #define HAVE_MEMORY_H 1
| #define HAVE_STRINGS_H 1
| #define HAVE_INTTYPES_H 1
| #define HAVE_STDINT_H 1
| #define HAVE_UNISTD_H 1
| /* end confdefs.h.  */
| #include <stdio.h>
| #ifdef HAVE_SYS_TYPES_H
| # include <sys/types.h>
| #endif
| #ifdef HAVE_SYS_STAT_H
| # include <sys/stat.h>
| #endif
| #ifdef STDC_HEADERS
| # include <stdlib.h>
| # include <stddef.h>
| #else
| # ifdef HAVE_STDLIB_H
| #  include <stdlib.h>
| # endif
| #endif
| #ifdef HAVE_STRING_H
| # if !defined STDC_HEADERS && defined HAVE_MEMORY_H
| #  include <memory.h>
| # endif
| # include <string.h>
| #endif
| #ifdef HAVE_STRINGS_H
| # include <strings.h>
| #endif
| #ifdef HAVE_INTTYPES_H
| # include <inttypes.h>
| #endif
| #ifdef HAVE_STDINT_H
| # include <stdint.h>
| #endif
| #ifdef HAVE_UNISTD_H
| # include <unistd.h>
| #endif
| #include <minix/config.h>
configure:3549: result: no
configure:3549: checking minix/config.h presence
configure:3549: /Developer/usr/bin/gcc-4.2 -E  conftest.c
conftest.c:19:26: error: minix/config.h: No such file or directory
configure:3549: $? = 1
configure: failed program was:
| /* confdefs.h */
| #define PACKAGE_NAME "GeoIP"
| #define PACKAGE_TARNAME "GeoIP"
| #define PACKAGE_VERSION "1.4.8"
| #define PACKAGE_STRING "GeoIP 1.4.8"
| #define PACKAGE_BUGREPORT "support@maxmind.com"
| #define PACKAGE_URL ""
| #define STDC_HEADERS 1
| #define HAVE_SYS_TYPES_H 1
| #define HAVE_SYS_STAT_H 1
| #define HAVE_STDLIB_H 1
| #define HAVE_STRING_H 1
| #define HAVE_MEMORY_H 1
| #define HAVE_STRINGS_H 1
| #define HAVE_INTTYPES_H 1
| #define HAVE_STDINT_H 1
| #define HAVE_UNISTD_H 1
| /* end confdefs.h.  */
| #include <minix/config.h>
configure:3549: result: no
configure:3549: checking for minix/config.h
configure:3549: result: no
configure:3570: checking whether it is safe to define __EXTENSIONS__
configure:3588: /Developer/usr/bin/gcc-4.2 -c -g -O2  conftest.c >&5
configure:3588: $? = 0
configure:3595: result: yes
configure:3649: checking for a BSD-compatible install
configure:3717: result: /usr/bin/install -c
configure:3728: checking whether build environment is sane
configure:3778: result: yes
configure:3919: checking for a thread-safe mkdir -p
configure:3958: result: ./install-sh -c -d
configure:3971: checking for gawk
configure:4001: result: no
configure:3971: checking for mawk
configure:4001: result: no
configure:3971: checking for nawk
configure:4001: result: no
configure:3971: checking for awk
configure:3987: found /usr/bin/awk
configure:3998: result: awk
configure:4009: checking whether make sets $(MAKE)
configure:4031: result: yes
configure:4061: checking for style of include used by make
configure:4089: result: GNU
configure:4174: checking dependency style of /Developer/usr/bin/gcc-4.2
configure:4284: result: gcc3
configure:4353: checking for gcc
configure:4380: result: /Developer/usr/bin/gcc-4.2
configure:4609: checking for C compiler version
configure:4618: /Developer/usr/bin/gcc-4.2 --version >&5
i686-apple-darwin11-gcc-4.2.1 (GCC) 4.2.1 (Apple Inc. build 5666) (dot 3)
Copyright (C) 2007 Free Software Foundation, Inc.
This is free software; see the source for copying conditions.  There is NO
warranty; not even for MERCHANTABILITY or FITNESS FOR A PARTICULAR PURPOSE.

configure:4629: $? = 0
configure:4618: /Developer/usr/bin/gcc-4.2 -v >&5
Using built-in specs.
Target: i686-apple-darwin11
Configured with: /private/var/tmp/gcc/gcc-5666.3~278/src/configure --disable-checking --enable-werror --prefix=/usr --mandir=/share/man --enable-languages=c,objc,c++,obj-c++ --program-transform-name=/^[cg][^.-]*$/s/$/-4.2/ --with-slibdir=/usr/lib --build=i686-apple-darwin11 --program-prefix=i686-apple-darwin11- --host=x86_64-apple-darwin11 --target=i686-apple-darwin11 --with-gxx-include-dir=/include/c++/4.2.1
Thread model: posix
gcc version 4.2.1 (Apple Inc. build 5666) (dot 3)
configure:4629: $? = 0
configure:4618: /Developer/usr/bin/gcc-4.2 -V >&5
gcc-4.2: argument to `-V' is missing
configure:4629: $? = 1
configure:4618: /Developer/usr/bin/gcc-4.2 -qversion >&5
i686-apple-darwin11-gcc-4.2.1: no input files
configure:4629: $? = 1
configure:4633: checking whether we are using the GNU C compiler
configure:4661: result: yes
configure:4670: checking whether /Developer/usr/bin/gcc-4.2 accepts -g
configure:4731: result: yes
configure:4748: checking for /Developer/usr/bin/gcc-4.2 option to accept ISO C89
configure:4825: result: none needed
configure:4874: checking build system type
configure:4888: result: i386-apple-darwin11.1.0
configure:4908: checking host system type
configure:4921: result: i386-apple-darwin11.1.0
configure:4941: checking for a sed that does not truncate output
configure:5005: result: /usr/bin/sed
configure:5023: checking for fgrep
configure:5085: result: /usr/bin/grep -F
configure:5120: checking for ld used by /Developer/usr/bin/gcc-4.2
configure:5187: result: /Developer/usr/libexec/gcc/i686-apple-darwin11/4.2.1/ld
configure:5194: checking if the linker (/Developer/usr/libexec/gcc/i686-apple-darwin11/4.2.1/ld) is GNU ld
configure:5209: result: no
configure:5221: checking for BSD- or MS-compatible name lister (nm)
configure:5270: result: /usr/bin/nm
configure:5388: checking the name lister (/usr/bin/nm) interface
configure:5395: /Developer/usr/bin/gcc-4.2 -c -g -O2  conftest.c >&5
configure:5398: /usr/bin/nm "conftest.o"
configure:5401: output
0000000000000194 D _some_variable
configure:5408: result: BSD nm
configure:5411: checking whether ln -s works
configure:5415: result: yes
configure:5423: checking the maximum length of command line arguments
configure:5543: result: 196608
configure:5560: checking whether the shell understands some XSI constructs
configure:5570: result: yes
configure:5574: checking whether the shell understands "+="
configure:5580: result: yes
configure:5615: checking for /Developer/usr/libexec/gcc/i686-apple-darwin11/4.2.1/ld option to reload object files
configure:5622: result: -r
configure:5691: checking for objdump
configure:5721: result: no
configure:5750: checking how to recognize dependent libraries
configure:5946: result: pass_all
configure:6006: checking for ar
configure:6022: found /usr/bin/ar
configure:6033: result: ar
configure:6111: checking for strip
configure:6127: found /usr/bin/strip
configure:6138: result: strip
configure:6210: checking for ranlib
configure:6226: found /usr/bin/ranlib
configure:6237: result: ranlib
configure:6327: checking command to parse /usr/bin/nm output from /Developer/usr/bin/gcc-4.2 object
configure:6445: /Developer/usr/bin/gcc-4.2 -c -g -O2  conftest.c >&5
configure:6448: $? = 0
configure:6452: /usr/bin/nm conftest.o \| sed -n -e 's/^.*[	 ]\([BCDEGRST][BCDEGRST]*\)[	 ][	 ]*\([_A-Za-z][_A-Za-z0-9]*\)$/\1 \2 \2/p' \> conftest.nm
configure:6455: $? = 0
cannot find nm_test_var in conftest.nm
configure:6445: /Developer/usr/bin/gcc-4.2 -c -g -O2  conftest.c >&5
configure:6448: $? = 0
configure:6452: /usr/bin/nm conftest.o \| sed -n -e 's/^.*[	 ]\([BCDEGRST][BCDEGRST]*\)[	 ][	 ]*_\([_A-Za-z][_A-Za-z0-9]*\)$/\1 _\2 \2/p' \> conftest.nm
configure:6455: $? = 0
configure:6509: /Developer/usr/bin/gcc-4.2 -o conftest -g -O2   conftest.c conftstm.o >&5
configure:6512: $? = 0
configure:6550: result: ok
configure:6814: checking for dsymutil
configure:6830: found /usr/bin/dsymutil
configure:6841: result: dsymutil
configure:6906: checking for nmedit
configure:6922: found /usr/bin/nmedit
configure:6933: result: nmedit
configure:6998: checking for lipo
configure:7014: found /usr/bin/lipo
configure:7025: result: lipo
configure:7090: checking for otool
configure:7106: found /usr/bin/otool
configure:7117: result: otool
configure:7182: checking for otool64
configure:7212: result: no
configure:7257: checking for -single_module linker flag
/Developer/usr/bin/gcc-4.2 -g -O2  -o libconftest.dylib -dynamiclib -Wl,-single_module conftest.c
configure:7284: result: yes
configure:7286: checking for -exported_symbols_list linker flag
configure:7306: /Developer/usr/bin/gcc-4.2 -o conftest -g -O2   -Wl,-exported_symbols_list,conftest.sym conftest.c  >&5
configure:7306: $? = 0
configure:7316: result: yes
configure:7355: checking for dlfcn.h
configure:7355: /Developer/usr/bin/gcc-4.2 -c -g -O2  conftest.c >&5
configure:7355: $? = 0
configure:7355: result: yes
configure:7539: checking for objdir
configure:7554: result: .libs
configure:7846: checking if /Developer/usr/bin/gcc-4.2 supports -fno-rtti -fno-exceptions
configure:7864: /Developer/usr/bin/gcc-4.2 -c -g -O2  -fno-rtti -fno-exceptions conftest.c >&5
cc1: warning: command line option "-fno-rtti" is valid for C++/ObjC++ but not for C
configure:7868: $? = 0
configure:7881: result: no
configure:7901: checking for /Developer/usr/bin/gcc-4.2 option to produce PIC
configure:8173: result: -fno-common -DPIC
configure:8185: checking if /Developer/usr/bin/gcc-4.2 PIC flag -fno-common -DPIC works
configure:8203: /Developer/usr/bin/gcc-4.2 -c -g -O2  -fno-common -DPIC -DPIC conftest.c >&5
configure:8207: $? = 0
configure:8220: result: yes
configure:8244: checking if /Developer/usr/bin/gcc-4.2 static flag -static works
configure:8272: result: no
configure:8287: checking if /Developer/usr/bin/gcc-4.2 supports -c -o file.o
configure:8308: /Developer/usr/bin/gcc-4.2 -c -g -O2  -o out/conftest2.o conftest.c >&5
configure:8312: $? = 0
configure:8334: result: yes
configure:8342: checking if /Developer/usr/bin/gcc-4.2 supports -c -o file.o
configure:8389: result: yes
configure:8422: checking whether the /Developer/usr/bin/gcc-4.2 linker (/Developer/usr/libexec/gcc/i686-apple-darwin11/4.2.1/ld) supports shared libraries
configure:9413: result: yes
configure:9652: checking dynamic linker characteristics
configure:10315: result: darwin11.1.0 dyld
configure:10417: checking how to hardcode library paths into programs
configure:10442: result: immediate
configure:10962: checking whether stripping libraries is possible
configure:10976: result: yes
configure:11002: checking if libtool supports shared libraries
configure:11004: result: yes
configure:11007: checking whether to build shared libraries
configure:11028: result: yes
configure:11031: checking whether to build static libraries
configure:11035: result: yes
configure:11071: checking for byte
configure:11071: /Developer/usr/bin/gcc-4.2 -c -g -O2  conftest.c >&5
conftest.c: In function 'main':
conftest.c:64: error: 'byte' undeclared (first use in this function)
conftest.c:64: error: (Each undeclared identifier is reported only once
conftest.c:64: error: for each function it appears in.)
configure:11071: $? = 1
configure: failed program was:
| /* confdefs.h */
| #define PACKAGE_NAME "GeoIP"
| #define PACKAGE_TARNAME "GeoIP"
| #define PACKAGE_VERSION "1.4.8"
| #define PACKAGE_STRING "GeoIP 1.4.8"
| #define PACKAGE_BUGREPORT "support@maxmind.com"
| #define PACKAGE_URL ""
| #define STDC_HEADERS 1
| #define HAVE_SYS_TYPES_H 1
| #define HAVE_SYS_STAT_H 1
| #define HAVE_STDLIB_H 1
| #define HAVE_STRING_H 1
| #define HAVE_MEMORY_H 1
| #define HAVE_STRINGS_H 1
| #define HAVE_INTTYPES_H 1
| #define HAVE_STDINT_H 1
| #define HAVE_UNISTD_H 1
| #define __EXTENSIONS__ 1
| #define _ALL_SOURCE 1
| #define _GNU_SOURCE 1
| #define _POSIX_PTHREAD_SEMANTICS 1
| #define _TANDEM_SOURCE 1
| #define PACKAGE "GeoIP"
| #define VERSION "1.4.8"
| #define HAVE_DLFCN_H 1
| #define LT_OBJDIR ".libs/"
| /* end confdefs.h.  */
| #include <stdio.h>
| #ifdef HAVE_SYS_TYPES_H
| # include <sys/types.h>
| #endif
| #ifdef HAVE_SYS_STAT_H
| # include <sys/stat.h>
| #endif
| #ifdef STDC_HEADERS
| # include <stdlib.h>
| # include <stddef.h>
| #else
| # ifdef HAVE_STDLIB_H
| #  include <stdlib.h>
| # endif
| #endif
| #ifdef HAVE_STRING_H
| # if !defined STDC_HEADERS && defined HAVE_MEMORY_H
| #  include <memory.h>
| # endif
| # include <string.h>
| #endif
| #ifdef HAVE_STRINGS_H
| # include <strings.h>
| #endif
| #ifdef HAVE_INTTYPES_H
| # include <inttypes.h>
| #endif
| #ifdef HAVE_STDINT_H
| # include <stdint.h>
| #endif
| #ifdef HAVE_UNISTD_H
| # include <unistd.h>
| #endif
| int
| main ()
| {
| if (sizeof (byte))
| 	 return 0;
|   ;
|   return 0;
| }
configure:11071: result: no
configure:11077: checking for ushort
configure:11077: /Developer/usr/bin/gcc-4.2 -c -g -O2  conftest.c >&5
configure:11077: $? = 0
configure:11077: /Developer/usr/bin/gcc-4.2 -c -g -O2  conftest.c >&5
conftest.c: In function 'main':
conftest.c:64: error: expected expression before ')' token
configure:11077: $? = 1
configure: failed program was:
| /* confdefs.h */
| #define PACKAGE_NAME "GeoIP"
| #define PACKAGE_TARNAME "GeoIP"
| #define PACKAGE_VERSION "1.4.8"
| #define PACKAGE_STRING "GeoIP 1.4.8"
| #define PACKAGE_BUGREPORT "support@maxmind.com"
| #define PACKAGE_URL ""
| #define STDC_HEADERS 1
| #define HAVE_SYS_TYPES_H 1
| #define HAVE_SYS_STAT_H 1
| #define HAVE_STDLIB_H 1
| #define HAVE_STRING_H 1
| #define HAVE_MEMORY_H 1
| #define HAVE_STRINGS_H 1
| #define HAVE_INTTYPES_H 1
| #define HAVE_STDINT_H 1
| #define HAVE_UNISTD_H 1
| #define __EXTENSIONS__ 1
| #define _ALL_SOURCE 1
| #define _GNU_SOURCE 1
| #define _POSIX_PTHREAD_SEMANTICS 1
| #define _TANDEM_SOURCE 1
| #define PACKAGE "GeoIP"
| #define VERSION "1.4.8"
| #define HAVE_DLFCN_H 1
| #define LT_OBJDIR ".libs/"
| /* end confdefs.h.  */
| #include <stdio.h>
| #ifdef HAVE_SYS_TYPES_H
| # include <sys/types.h>
| #endif
| #ifdef HAVE_SYS_STAT_H
| # include <sys/stat.h>
| #endif
| #ifdef STDC_HEADERS
| # include <stdlib.h>
| # include <stddef.h>
| #else
| # ifdef HAVE_STDLIB_H
| #  include <stdlib.h>
| # endif
| #endif
| #ifdef HAVE_STRING_H
| # if !defined STDC_HEADERS && defined HAVE_MEMORY_H
| #  include <memory.h>
| # endif
| # include <string.h>
| #endif
| #ifdef HAVE_STRINGS_H
| # include <strings.h>
| #endif
| #ifdef HAVE_INTTYPES_H
| # include <inttypes.h>
| #endif
| #ifdef HAVE_STDINT_H
| # include <stdint.h>
| #endif
| #ifdef HAVE_UNISTD_H
| # include <unistd.h>
| #endif
| int
| main ()
| {
| if (sizeof ((ushort)))
| 	    return 0;
|   ;
|   return 0;
| }
configure:11077: result: yes
configure:11083: checking for ulong
configure:11083: /Developer/usr/bin/gcc-4.2 -c -g -O2  conftest.c >&5
conftest.c: In function 'main':
conftest.c:65: error: 'ulong' undeclared (first use in this function)
conftest.c:65: error: (Each undeclared identifier is reported only once
conftest.c:65: error: for each function it appears in.)
configure:11083: $? = 1
configure: failed program was:
| /* confdefs.h */
| #define PACKAGE_NAME "GeoIP"
| #define PACKAGE_TARNAME "GeoIP"
| #define PACKAGE_VERSION "1.4.8"
| #define PACKAGE_STRING "GeoIP 1.4.8"
| #define PACKAGE_BUGREPORT "support@maxmind.com"
| #define PACKAGE_URL ""
| #define STDC_HEADERS 1
| #define HAVE_SYS_TYPES_H 1
| #define HAVE_SYS_STAT_H 1
| #define HAVE_STDLIB_H 1
| #define HAVE_STRING_H 1
| #define HAVE_MEMORY_H 1
| #define HAVE_STRINGS_H 1
| #define HAVE_INTTYPES_H 1
| #define HAVE_STDINT_H 1
| #define HAVE_UNISTD_H 1
| #define __EXTENSIONS__ 1
| #define _ALL_SOURCE 1
| #define _GNU_SOURCE 1
| #define _POSIX_PTHREAD_SEMANTICS 1
| #define _TANDEM_SOURCE 1
| #define PACKAGE "GeoIP"
| #define VERSION "1.4.8"
| #define HAVE_DLFCN_H 1
| #define LT_OBJDIR ".libs/"
| #define HAVE_USHORT_TYPEDEF 1
| /* end confdefs.h.  */
| #include <stdio.h>
| #ifdef HAVE_SYS_TYPES_H
| # include <sys/types.h>
| #endif
| #ifdef HAVE_SYS_STAT_H
| # include <sys/stat.h>
| #endif
| #ifdef STDC_HEADERS
| # include <stdlib.h>
| # include <stddef.h>
| #else
| # ifdef HAVE_STDLIB_H
| #  include <stdlib.h>
| # endif
| #endif
| #ifdef HAVE_STRING_H
| # if !defined STDC_HEADERS && defined HAVE_MEMORY_H
| #  include <memory.h>
| # endif
| # include <string.h>
| #endif
| #ifdef HAVE_STRINGS_H
| # include <strings.h>
| #endif
| #ifdef HAVE_INTTYPES_H
| # include <inttypes.h>
| #endif
| #ifdef HAVE_STDINT_H
| # include <stdint.h>
| #endif
| #ifdef HAVE_UNISTD_H
| # include <unistd.h>
| #endif
| int
| main ()
| {
| if (sizeof (ulong))
| 	 return 0;
|   ;
|   return 0;
| }
configure:11083: result: no
configure:11089: checking for u16
configure:11089: /Developer/usr/bin/gcc-4.2 -c -g -O2  conftest.c >&5
conftest.c: In function 'main':
conftest.c:65: error: 'u16' undeclared (first use in this function)
conftest.c:65: error: (Each undeclared identifier is reported only once
conftest.c:65: error: for each function it appears in.)
configure:11089: $? = 1
configure: failed program was:
| /* confdefs.h */
| #define PACKAGE_NAME "GeoIP"
| #define PACKAGE_TARNAME "GeoIP"
| #define PACKAGE_VERSION "1.4.8"
| #define PACKAGE_STRING "GeoIP 1.4.8"
| #define PACKAGE_BUGREPORT "support@maxmind.com"
| #define PACKAGE_URL ""
| #define STDC_HEADERS 1
| #define HAVE_SYS_TYPES_H 1
| #define HAVE_SYS_STAT_H 1
| #define HAVE_STDLIB_H 1
| #define HAVE_STRING_H 1
| #define HAVE_MEMORY_H 1
| #define HAVE_STRINGS_H 1
| #define HAVE_INTTYPES_H 1
| #define HAVE_STDINT_H 1
| #define HAVE_UNISTD_H 1
| #define __EXTENSIONS__ 1
| #define _ALL_SOURCE 1
| #define _GNU_SOURCE 1
| #define _POSIX_PTHREAD_SEMANTICS 1
| #define _TANDEM_SOURCE 1
| #define PACKAGE "GeoIP"
| #define VERSION "1.4.8"
| #define HAVE_DLFCN_H 1
| #define LT_OBJDIR ".libs/"
| #define HAVE_USHORT_TYPEDEF 1
| /* end confdefs.h.  */
| #include <stdio.h>
| #ifdef HAVE_SYS_TYPES_H
| # include <sys/types.h>
| #endif
| #ifdef HAVE_SYS_STAT_H
| # include <sys/stat.h>
| #endif
| #ifdef STDC_HEADERS
| # include <stdlib.h>
| # include <stddef.h>
| #else
| # ifdef HAVE_STDLIB_H
| #  include <stdlib.h>
| # endif
| #endif
| #ifdef HAVE_STRING_H
| # if !defined STDC_HEADERS && defined HAVE_MEMORY_H
| #  include <memory.h>
| # endif
| # include <string.h>
| #endif
| #ifdef HAVE_STRINGS_H
| # include <strings.h>
| #endif
| #ifdef HAVE_INTTYPES_H
| # include <inttypes.h>
| #endif
| #ifdef HAVE_STDINT_H
| # include <stdint.h>
| #endif
| #ifdef HAVE_UNISTD_H
| # include <unistd.h>
| #endif
| int
| main ()
| {
| if (sizeof (u16))
| 	 return 0;
|   ;
|   return 0;
| }
configure:11089: result: no
configure:11095: checking for u32
configure:11095: /Developer/usr/bin/gcc-4.2 -c -g -O2  conftest.c >&5
conftest.c: In function 'main':
conftest.c:65: error: 'u32' undeclared (first use in this function)
conftest.c:65: error: (Each undeclared identifier is reported only once
conftest.c:65: error: for each function it appears in.)
configure:11095: $? = 1
configure: failed program was:
| /* confdefs.h */
| #define PACKAGE_NAME "GeoIP"
| #define PACKAGE_TARNAME "GeoIP"
| #define PACKAGE_VERSION "1.4.8"
| #define PACKAGE_STRING "GeoIP 1.4.8"
| #define PACKAGE_BUGREPORT "support@maxmind.com"
| #define PACKAGE_URL ""
| #define STDC_HEADERS 1
| #define HAVE_SYS_TYPES_H 1
| #define HAVE_SYS_STAT_H 1
| #define HAVE_STDLIB_H 1
| #define HAVE_STRING_H 1
| #define HAVE_MEMORY_H 1
| #define HAVE_STRINGS_H 1
| #define HAVE_INTTYPES_H 1
| #define HAVE_STDINT_H 1
| #define HAVE_UNISTD_H 1
| #define __EXTENSIONS__ 1
| #define _ALL_SOURCE 1
| #define _GNU_SOURCE 1
| #define _POSIX_PTHREAD_SEMANTICS 1
| #define _TANDEM_SOURCE 1
| #define PACKAGE "GeoIP"
| #define VERSION "1.4.8"
| #define HAVE_DLFCN_H 1
| #define LT_OBJDIR ".libs/"
| #define HAVE_USHORT_TYPEDEF 1
| /* end confdefs.h.  */
| #include <stdio.h>
| #ifdef HAVE_SYS_TYPES_H
| # include <sys/types.h>
| #endif
| #ifdef HAVE_SYS_STAT_H
| # include <sys/stat.h>
| #endif
| #ifdef STDC_HEADERS
| # include <stdlib.h>
| # include <stddef.h>
| #else
| # ifdef HAVE_STDLIB_H
| #  include <stdlib.h>
| # endif
| #endif
| #ifdef HAVE_STRING_H
| # if !defined STDC_HEADERS && defined HAVE_MEMORY_H
| #  include <memory.h>
| # endif
| # include <string.h>
| #endif
| #ifdef HAVE_STRINGS_H
| # include <strings.h>
| #endif
| #ifdef HAVE_INTTYPES_H
| # include <inttypes.h>
| #endif
| #ifdef HAVE_STDINT_H
| # include <stdint.h>
| #endif
| #ifdef HAVE_UNISTD_H
| # include <unistd.h>
| #endif
| int
| main ()
| {
| if (sizeof (u32))
| 	 return 0;
|   ;
|   return 0;
| }
configure:11095: result: no
configure:11102: checking whether byte ordering is bigendian
configure:11117: /Developer/usr/bin/gcc-4.2 -c -g -O2  conftest.c >&5
configure:11117: $? = 0
configure:11162: /Developer/usr/bin/gcc-4.2 -c -g -O2  conftest.c >&5
configure:11162: $? = 0
configure:11180: /Developer/usr/bin/gcc-4.2 -c -g -O2  conftest.c >&5
conftest.c: In function 'main':
conftest.c:36: error: 'not' undeclared (first use in this function)
conftest.c:36: error: (Each undeclared identifier is reported only once
conftest.c:36: error: for each function it appears in.)
conftest.c:36: error: expected ';' before 'big'
configure:11180: $? = 1
configure: failed program was:
| /* confdefs.h */
| #define PACKAGE_NAME "GeoIP"
| #define PACKAGE_TARNAME "GeoIP"
| #define PACKAGE_VERSION "1.4.8"
| #define PACKAGE_STRING "GeoIP 1.4.8"
| #define PACKAGE_BUGREPORT "support@maxmind.com"
| #define PACKAGE_URL ""
| #define STDC_HEADERS 1
| #define HAVE_SYS_TYPES_H 1
| #define HAVE_SYS_STAT_H 1
| #define HAVE_STDLIB_H 1
| #define HAVE_STRING_H 1
| #define HAVE_MEMORY_H 1
| #define HAVE_STRINGS_H 1
| #define HAVE_INTTYPES_H 1
| #define HAVE_STDINT_H 1
| #define HAVE_UNISTD_H 1
| #define __EXTENSIONS__ 1
| #define _ALL_SOURCE 1
| #define _GNU_SOURCE 1
| #define _POSIX_PTHREAD_SEMANTICS 1
| #define _TANDEM_SOURCE 1
| #define PACKAGE "GeoIP"
| #define VERSION "1.4.8"
| #define HAVE_DLFCN_H 1
| #define LT_OBJDIR ".libs/"
| #define HAVE_USHORT_TYPEDEF 1
| /* end confdefs.h.  */
| #include <sys/types.h>
| 		#include <sys/param.h>
| 
| int
| main ()
| {
| #if BYTE_ORDER != BIG_ENDIAN
| 		 not big endian
| 		#endif
| 
|   ;
|   return 0;
| }
configure:11308: result: no
configure:11330: checking for stdint.h
configure:11330: result: yes
configure:11342: checking zlib.h usability
configure:11342: /Developer/usr/bin/gcc-4.2 -c -g -O2  conftest.c >&5
configure:11342: $? = 0
configure:11342: result: yes
configure:11342: checking zlib.h presence
configure:11342: /Developer/usr/bin/gcc-4.2 -E  conftest.c
configure:11342: $? = 0
configure:11342: result: yes
configure:11342: checking for zlib.h
configure:11342: result: yes
configure:11355: checking for gettimeofday
configure:11355: /Developer/usr/bin/gcc-4.2 -o conftest -g -O2   conftest.c  >&5
configure:11355: $? = 0
configure:11355: result: yes
configure:11361: checking for vasprintf
configure:11361: /Developer/usr/bin/gcc-4.2 -o conftest -g -O2   conftest.c  >&5
configure:11361: $? = 0
configure:11361: result: yes
configure:11367: checking for vsnprintf
configure:11367: /Developer/usr/bin/gcc-4.2 -o conftest -g -O2   conftest.c  >&5
conftest.c:57: warning: conflicting types for built-in function 'vsnprintf'
configure:11367: $? = 0
configure:11367: result: yes
configure:11373: checking for vsprintf
configure:11373: /Developer/usr/bin/gcc-4.2 -o conftest -g -O2   conftest.c  >&5
conftest.c:58: warning: conflicting types for built-in function 'vsprintf'
configure:11373: $? = 0
configure:11373: result: yes
configure:11380: checking for gethostbyname
configure:11380: /Developer/usr/bin/gcc-4.2 -o conftest -g -O2   conftest.c  >&5
configure:11380: $? = 0
configure:11380: result: yes
configure:11430: checking for gethostbyname_r
configure:11430: /Developer/usr/bin/gcc-4.2 -o conftest -g -O2   conftest.c  >&5
Undefined symbols for architecture x86_64:
  "_gethostbyname_r", referenced from:
      _main in ccm7H4Jb.o
ld: symbol(s) not found for architecture x86_64
collect2: ld returned 1 exit status
configure:11430: $? = 1
configure: failed program was:
| /* confdefs.h */
| #define PACKAGE_NAME "GeoIP"
| #define PACKAGE_TARNAME "GeoIP"
| #define PACKAGE_VERSION "1.4.8"
| #define PACKAGE_STRING "GeoIP 1.4.8"
| #define PACKAGE_BUGREPORT "support@maxmind.com"
| #define PACKAGE_URL ""
| #define STDC_HEADERS 1
| #define HAVE_SYS_TYPES_H 1
| #define HAVE_SYS_STAT_H 1
| #define HAVE_STDLIB_H 1
| #define HAVE_STRING_H 1
| #define HAVE_MEMORY_H 1
| #define HAVE_STRINGS_H 1
| #define HAVE_INTTYPES_H 1
| #define HAVE_STDINT_H 1
| #define HAVE_UNISTD_H 1
| #define __EXTENSIONS__ 1
| #define _ALL_SOURCE 1
| #define _GNU_SOURCE 1
| #define _POSIX_PTHREAD_SEMANTICS 1
| #define _TANDEM_SOURCE 1
| #define PACKAGE "GeoIP"
| #define VERSION "1.4.8"
| #define HAVE_DLFCN_H 1
| #define LT_OBJDIR ".libs/"
| #define HAVE_USHORT_TYPEDEF 1
| #define LITTLE_ENDIAN_HOST 1
| #define HAVE_STDINT_H 1
| #define HAVE_ZLIB_H 1
| #define HAVE_GETTIMEOFDAY 1
| #define HAVE_VASPRINTF 1
| #define HAVE_VSNPRINTF 1
| #define HAVE_VSPRINTF 1
| #define HAVE_GETHOSTBYNAME 1
| /* end confdefs.h.  */
| /* Define gethostbyname_r to an innocuous variant, in case <limits.h> declares gethostbyname_r.
|    For example, HP-UX 11i <limits.h> declares gettimeofday.  */
| #define gethostbyname_r innocuous_gethostbyname_r
| 
| /* System header to define __stub macros and hopefully few prototypes,
|     which can conflict with char gethostbyname_r (); below.
|     Prefer <limits.h> to <assert.h> if __STDC__ is defined, since
|     <limits.h> exists even on freestanding compilers.  */
| 
| #ifdef __STDC__
| # include <limits.h>
| #else
| # include <assert.h>
| #endif
| 
| #undef gethostbyname_r
| 
| /* Override any GCC internal prototype to avoid an error.
|    Use char because int might match the return type of a GCC
|    builtin and then its argument prototype would still apply.  */
| #ifdef __cplusplus
| extern "C"
| #endif
| char gethostbyname_r ();
| /* The GNU C library defines this for functions which it implements
|     to always fail with ENOSYS.  Some functions are actually named
|     something starting with __ and the normal name is an alias.  */
| #if defined __stub_gethostbyname_r || defined __stub___gethostbyname_r
| choke me
| #endif
| 
| int
| main ()
| {
| return gethostbyname_r ();
|   ;
|   return 0;
| }
configure:11430: result: no
configure:11611: creating ./config.status

## ---------------- ##
## Cache variables. ##
## ---------------- ##

ac_cv_build=i386-apple-darwin11.1.0
ac_cv_c_bigendian=no
ac_cv_c_compiler_gnu=yes
ac_cv_env_CC_set=set
ac_cv_env_CC_value=/Developer/usr/bin/gcc-4.2
ac_cv_env_CFLAGS_set=
ac_cv_env_CFLAGS_value=
ac_cv_env_CPPFLAGS_set=
ac_cv_env_CPPFLAGS_value=
ac_cv_env_CPP_set=
ac_cv_env_CPP_value=
ac_cv_env_LDFLAGS_set=
ac_cv_env_LDFLAGS_value=
ac_cv_env_LIBS_set=
ac_cv_env_LIBS_value=
ac_cv_env_build_alias_set=
ac_cv_env_build_alias_value=
ac_cv_env_host_alias_set=
ac_cv_env_host_alias_value=
ac_cv_env_target_alias_set=
ac_cv_env_target_alias_value=
ac_cv_func_gethostbyname=yes
ac_cv_func_gethostbyname_r=no
ac_cv_func_gettimeofday=yes
ac_cv_func_vasprintf=yes
ac_cv_func_vsnprintf=yes
ac_cv_func_vsprintf=yes
ac_cv_header_dlfcn_h=yes
ac_cv_header_inttypes_h=yes
ac_cv_header_memory_h=yes
ac_cv_header_minix_config_h=no
ac_cv_header_stdc=yes
ac_cv_header_stdint_h=yes
ac_cv_header_stdlib_h=yes
ac_cv_header_string_h=yes
ac_cv_header_strings_h=yes
ac_cv_header_sys_stat_h=yes
ac_cv_header_sys_types_h=yes
ac_cv_header_unistd_h=yes
ac_cv_header_zlib_h=yes
ac_cv_host=i386-apple-darwin11.1.0
ac_cv_objext=o
ac_cv_path_EGREP='/usr/bin/grep -E'
ac_cv_path_FGREP='/usr/bin/grep -F'
ac_cv_path_GREP=/usr/bin/grep
ac_cv_path_SED=/usr/bin/sed
ac_cv_path_install='/usr/bin/install -c'
ac_cv_prog_AWK=awk
ac_cv_prog_CPP='/Developer/usr/bin/gcc-4.2 -E'
ac_cv_prog_ac_ct_AR=ar
ac_cv_prog_ac_ct_CC=/Developer/usr/bin/gcc-4.2
ac_cv_prog_ac_ct_DSYMUTIL=dsymutil
ac_cv_prog_ac_ct_LIPO=lipo
ac_cv_prog_ac_ct_NMEDIT=nmedit
ac_cv_prog_ac_ct_OTOOL=otool
ac_cv_prog_ac_ct_RANLIB=ranlib
ac_cv_prog_ac_ct_STRIP=strip
ac_cv_prog_cc_c89=
ac_cv_prog_cc_g=yes
ac_cv_prog_make_make_set=yes
ac_cv_safe_to_define___extensions__=yes
ac_cv_type_byte=no
ac_cv_type_u16=no
ac_cv_type_u32=no
ac_cv_type_ulong=no
ac_cv_type_ushort=yes
am_cv_CC_dependencies_compiler_type=gcc3
lt_cv_apple_cc_single_mod=yes
lt_cv_deplibs_check_method=pass_all
lt_cv_file_magic_cmd='$MAGIC_CMD'
lt_cv_file_magic_test_file=
lt_cv_ld_exported_symbols_list=yes
lt_cv_ld_reload_flag=-r
lt_cv_nm_interface='BSD nm'
lt_cv_objdir=.libs
lt_cv_path_LD=/Developer/usr/libexec/gcc/i686-apple-darwin11/4.2.1/ld
lt_cv_path_NM=/usr/bin/nm
lt_cv_prog_compiler_c_o=yes
lt_cv_prog_compiler_pic_works=yes
lt_cv_prog_compiler_rtti_exceptions=no
lt_cv_prog_compiler_static_works=no
lt_cv_prog_gnu_ld=no
lt_cv_sys_global_symbol_pipe='sed -n -e '\''s/^.*[	 ]\([BCDEGRST][BCDEGRST]*\)[	 ][	 ]*_\([_A-Za-z][_A-Za-z0-9]*\)$/\1 _\2 \2/p'\'''
lt_cv_sys_global_symbol_to_c_name_address='sed -n -e '\''s/^: \([^ ]*\) $/  {\"\1\", (void *) 0},/p'\'' -e '\''s/^[BCDEGRST]* \([^ ]*\) \([^ ]*\)$/  {"\2", (void *) \&\2},/p'\'''
lt_cv_sys_global_symbol_to_c_name_address_lib_prefix='sed -n -e '\''s/^: \([^ ]*\) $/  {\"\1\", (void *) 0},/p'\'' -e '\''s/^[BCDEGRST]* \([^ ]*\) \(lib[^ ]*\)$/  {"\2", (void *) \&\2},/p'\'' -e '\''s/^[BCDEGRST]* \([^ ]*\) \([^ ]*\)$/  {"lib\2", (void *) \&\2},/p'\'''
lt_cv_sys_global_symbol_to_cdecl='sed -n -e '\''s/^T .* \(.*\)$/extern int \1();/p'\'' -e '\''s/^[BCDEGRST]* .* \(.*\)$/extern char \1;/p'\'''
lt_cv_sys_max_cmd_len=196608

## ----------------- ##
## Output variables. ##
## ----------------- ##

ACLOCAL='${SHELL} /Users/chris/Code/sinatra-geoip/ext/GeoIP-1.4.8/missing --run aclocal-1.11'
AMDEPBACKSLASH='\'
AMDEP_FALSE='#'
AMDEP_TRUE=''
AMTAR='${SHELL} /Users/chris/Code/sinatra-geoip/ext/GeoIP-1.4.8/missing --run tar'
AR='ar'
AUTOCONF='${SHELL} /Users/chris/Code/sinatra-geoip/ext/GeoIP-1.4.8/missing --run autoconf'
AUTOHEADER='${SHELL} /Users/chris/Code/sinatra-geoip/ext/GeoIP-1.4.8/missing --run autoheader'
AUTOMAKE='${SHELL} /Users/chris/Code/sinatra-geoip/ext/GeoIP-1.4.8/missing --run automake-1.11'
AWK='awk'
CC='/Developer/usr/bin/gcc-4.2'
CCDEPMODE='depmode=gcc3'
CFLAGS='-g -O2'
CPP='/Developer/usr/bin/gcc-4.2 -E'
CPPFLAGS=''
CYGPATH_W='echo'
DEFS='-DPACKAGE_NAME=\"GeoIP\" -DPACKAGE_TARNAME=\"GeoIP\" -DPACKAGE_VERSION=\"1.4.8\" -DPACKAGE_STRING=\"GeoIP\ 1.4.8\" -DPACKAGE_BUGREPORT=\"support@maxmind.com\" -DPACKAGE_URL=\"\" -DSTDC_HEADERS=1 -DHAVE_SYS_TYPES_H=1 -DHAVE_SYS_STAT_H=1 -DHAVE_STDLIB_H=1 -DHAVE_STRING_H=1 -DHAVE_MEMORY_H=1 -DHAVE_STRINGS_H=1 -DHAVE_INTTYPES_H=1 -DHAVE_STDINT_H=1 -DHAVE_UNISTD_H=1 -D__EXTENSIONS__=1 -D_ALL_SOURCE=1 -D_GNU_SOURCE=1 -D_POSIX_PTHREAD_SEMANTICS=1 -D_TANDEM_SOURCE=1 -DPACKAGE=\"GeoIP\" -DVERSION=\"1.4.8\" -DHAVE_DLFCN_H=1 -DLT_OBJDIR=\".libs/\" -DHAVE_USHORT_TYPEDEF=1 -DLITTLE_ENDIAN_HOST=1 -DHAVE_STDINT_H=1 -DHAVE_ZLIB_H=1 -DHAVE_GETTIMEOFDAY=1 -DHAVE_VASPRINTF=1 -DHAVE_VSNPRINTF=1 -DHAVE_VSPRINTF=1 -DHAVE_GETHOSTBYNAME=1'
DEPDIR='.deps'
DSYMUTIL='dsymutil'
DUMPBIN=''
ECHO_C='\c'
ECHO_N=''
ECHO_T=''
EGREP='/usr/bin/grep -E'
EXEEXT=''
FGREP='/usr/bin/grep -F'
GEOIP_VERSION_INFO='5:8:4'
GREP='/usr/bin/grep'
INSTALL_DATA='${INSTALL} -m 644'
INSTALL_PROGRAM='${INSTALL}'
INSTALL_SCRIPT='${INSTALL}'
INSTALL_STRIP_PROGRAM='$(install_sh) -c -s'
LD='/Developer/usr/libexec/gcc/i686-apple-darwin11/4.2.1/ld'
LDFLAGS=''
LIBOBJS=''
LIBS=''
LIBTOOL='$(SHELL) $(top_builddir)/libtool'
LIPO='lipo'
LN_S='ln -s'
LTLIBOBJS=''
MAKEINFO='${SHELL} /Users/chris/Code/sinatra-geoip/ext/GeoIP-1.4.8/missing --run makeinfo'
MKDIR_P='./install-sh -c -d'
NM='/usr/bin/nm'
NMEDIT='nmedit'
OBJDUMP='false'
OBJEXT='o'
OTOOL64=':'
OTOOL='otool'
PACKAGE='GeoIP'
PACKAGE_BUGREPORT='support@maxmind.com'
PACKAGE_NAME='GeoIP'
PACKAGE_STRING='GeoIP 1.4.8'
PACKAGE_TARNAME='GeoIP'
PACKAGE_URL=''
PACKAGE_VERSION='1.4.8'
PATH_SEPARATOR=':'
RANLIB='ranlib'
SED='/usr/bin/sed'
SET_MAKE=''
SHELL='/bin/sh'
STRIP='strip'
VERSION='1.4.8'
ac_ct_CC='/Developer/usr/bin/gcc-4.2'
ac_ct_DUMPBIN=''
am__EXEEXT_FALSE=''
am__EXEEXT_TRUE='#'
am__fastdepCC_FALSE='#'
am__fastdepCC_TRUE=''
am__include='include'
am__isrc=''
am__leading_dot='.'
am__quote=''
am__tar='${AMTAR} chof - "$$tardir"'
am__untar='${AMTAR} xf -'
bindir='${exec_prefix}/bin'
build='i386-apple-darwin11.1.0'
build_alias=''
build_cpu='i386'
build_os='darwin11.1.0'
build_vendor='apple'
datadir='${datarootdir}'
datarootdir='${prefix}/share'
docdir='${datarootdir}/doc/${PACKAGE_TARNAME}'
dvidir='${docdir}'
exec_prefix='${prefix}'
host='i386-apple-darwin11.1.0'
host_alias=''
host_cpu='i386'
host_os='darwin11.1.0'
host_vendor='apple'
htmldir='${docdir}'
includedir='${prefix}/include'
infodir='${datarootdir}/info'
install_sh='${SHELL} /Users/chris/Code/sinatra-geoip/ext/GeoIP-1.4.8/install-sh'
libdir='${exec_prefix}/lib'
libexecdir='${exec_prefix}/libexec'
localedir='${datarootdir}/locale'
localstatedir='${prefix}/var'
lt_ECHO='/bin/echo'
mandir='${datarootdir}/man'
mkdir_p='$(top_builddir)/./install-sh -c -d'
oldincludedir='/usr/include'
pdfdir='${docdir}'
prefix='/usr/local'
program_transform_name='s,x,x,'
psdir='${docdir}'
sbindir='${exec_prefix}/sbin'
sharedstatedir='${prefix}/com'
sysconfdir='${prefix}/etc'
target_alias=''

## ----------- ##
## confdefs.h. ##
## ----------- ##

/* confdefs.h */
#define PACKAGE_NAME "GeoIP"
#define PACKAGE_TARNAME "GeoIP"
#define PACKAGE_VERSION "1.4.8"
#define PACKAGE_STRING "GeoIP 1.4.8"
#define PACKAGE_BUGREPORT "support@maxmind.com"
#define PACKAGE_URL ""
#define STDC_HEADERS 1
#define HAVE_SYS_TYPES_H 1
#define HAVE_SYS_STAT_H 1
#define HAVE_STDLIB_H 1
#define HAVE_STRING_H 1
#define HAVE_MEMORY_H 1
#define HAVE_STRINGS_H 1
#define HAVE_INTTYPES_H 1
#define HAVE_STDINT_H 1
#define HAVE_UNISTD_H 1
#define __EXTENSIONS__ 1
#define _ALL_SOURCE 1
#define _GNU_SOURCE 1
#define _POSIX_PTHREAD_SEMANTICS 1
#define _TANDEM_SOURCE 1
#define PACKAGE "GeoIP"
#define VERSION "1.4.8"
#define HAVE_DLFCN_H 1
#define LT_OBJDIR ".libs/"
#define HAVE_USHORT_TYPEDEF 1
#define LITTLE_ENDIAN_HOST 1
#define HAVE_STDINT_H 1
#define HAVE_ZLIB_H 1
#define HAVE_GETTIMEOFDAY 1
#define HAVE_VASPRINTF 1
#define HAVE_VSNPRINTF 1
#define HAVE_VSPRINTF 1
#define HAVE_GETHOSTBYNAME 1

configure: exit 0

## ---------------------- ##
## Running config.status. ##
## ---------------------- ##

This file was extended by GeoIP config.status 1.4.8, which was
generated by GNU Autoconf 2.65.  Invocation command line was

  CONFIG_FILES    = 
  CONFIG_HEADERS  = 
  CONFIG_LINKS    = 
  CONFIG_COMMANDS = 
  $ ./config.status 

on zeratul.fritz.box

config.status:991: creating Makefile
config.status:991: creating GeoIP.spec
config.status:991: creating libGeoIP/Makefile
config.status:991: creating apps/Makefile
config.status:991: creating conf/Makefile
config.status:991: creating data/Makefile
config.status:991: creating man/Makefile
config.status:991: creating test/Makefile
config.status:1154: executing depfiles commands
config.status:1154: executing libtool commands
